# JRE version: OpenJDK Runtime Environment Corretto-24.0.2.12.1 (24.0.2+12) (build 24.0.2+12-FR)
# Java VM: OpenJDK 64-Bit Server VM Corretto-24.0.2.12.1 (24.0.2+12-FR, mixed mode, sharing, tiered, compressed oops, compressed class ptrs, g1 gc, windows-amd64)
GC Precious Log:
 CardTable entry size: 512
 Card Set container configuration: InlinePtr #cards 4 size 8 Array Of Cards #cards 16 size 48 Howl #buckets 8 coarsen threshold 3686 Howl Bitmap #cards 512 size 80 coarsen threshold 460 Card regions per heap region 1 cards per card region 4096
 CPUs: 8 total, 8 available
 Memory: 10187M
 Large Page Support: Disabled
 NUMA Support: Disabled
 Compressed Oops: Enabled (Zero based)
 Heap Region Size: 2M
 Heap Min Capacity: 8M
 Heap Initial Capacity: 160M
 Heap Max Capacity: 2548M
 Pre-touch: Disabled
 Parallel Workers: 8
 Concurrent Workers: 2
 Concurrent Refinement Workers: 8
 Periodic GC: Disabled
Heap:
 garbage-first heap   total reserved 2609152K, committed 69632K, used 47088K [0x0000000760c00000, 0x0000000800000000)
  region size 2048K, 8 young (16384K), 2 survivors (4096K)
 Metaspace       used 78953K, committed 79616K, reserved 1179648K
  class space    used 8630K, committed 8896K, reserved 1048576K
GC Heap History (20 events):
Event: 5.102 GC heap before
{Heap before GC invocations=4 (full 0):
 garbage-first heap   total reserved 2609152K, committed 69632K, used 47126K [0x0000000760c00000, 0x0000000800000000)
  region size 2048K, 15 young (30720K), 2 survivors (4096K)
 Metaspace       used 31702K, committed 32128K, reserved 1114112K
  class space    used 3273K, committed 3456K, reserved 1048576K
}
Event: 5.110 GC heap after
{Heap after GC invocations=5 (full 0):
 garbage-first heap   total reserved 2609152K, committed 69632K, used 22618K [0x0000000760c00000, 0x0000000800000000)
  region size 2048K, 2 young (4096K), 2 survivors (4096K)
 Metaspace       used 31702K, committed 32128K, reserved 1114112K
  class space    used 3273K, committed 3456K, reserved 1048576K
}
Event: 5.696 GC heap before
{Heap before GC invocations=5 (full 0):
 garbage-first heap   total reserved 2609152K, committed 69632K, used 34906K [0x0000000760c00000, 0x0000000800000000)
  region size 2048K, 10 young (20480K), 2 survivors (4096K)
 Metaspace       used 35573K, committed 35968K, reserved 1114112K
  class space    used 3700K, committed 3904K, reserved 1048576K
}
Event: 5.711 GC heap after
{Heap after GC invocations=6 (full 0):
 garbage-first heap   total reserved 2609152K, committed 69632K, used 23620K [0x0000000760c00000, 0x0000000800000000)
  region size 2048K, 2 young (4096K), 2 survivors (4096K)
 Metaspace       used 35573K, committed 35968K, reserved 1114112K
  class space    used 3700K, committed 3904K, reserved 1048576K
}
Event: 7.050 GC heap before
{Heap before GC invocations=7 (full 0):
 garbage-first heap   total reserved 2609152K, committed 69632K, used 50244K [0x0000000760c00000, 0x0000000800000000)
  region size 2048K, 16 young (32768K), 2 survivors (4096K)
 Metaspace       used 44435K, committed 44864K, reserved 1114112K
  class space    used 4599K, committed 4800K, reserved 1048576K
}
Event: 7.055 GC heap after
{Heap after GC invocations=8 (full 0):
 garbage-first heap   total reserved 2609152K, committed 69632K, used 25668K [0x0000000760c00000, 0x0000000800000000)
  region size 2048K, 2 young (4096K), 2 survivors (4096K)
 Metaspace       used 44435K, committed 44864K, reserved 1114112K
  class space    used 4599K, committed 4800K, reserved 1048576K
}
Event: 7.957 GC heap before
{Heap before GC invocations=8 (full 0):
 garbage-first heap   total reserved 2609152K, committed 69632K, used 52292K [0x0000000760c00000, 0x0000000800000000)
  region size 2048K, 16 young (32768K), 2 survivors (4096K)
 Metaspace       used 53356K, committed 53824K, reserved 1114112K
  class space    used 5572K, committed 5760K, reserved 1048576K
}
Event: 7.962 GC heap after
{Heap after GC invocations=9 (full 0):
 garbage-first heap   total reserved 2609152K, committed 69632K, used 27232K [0x0000000760c00000, 0x0000000800000000)
  region size 2048K, 2 young (4096K), 2 survivors (4096K)
 Metaspace       used 53356K, committed 53824K, reserved 1114112K
  class space    used 5572K, committed 5760K, reserved 1048576K
}
Event: 8.700 GC heap before
{Heap before GC invocations=9 (full 0):
 garbage-first heap   total reserved 2609152K, committed 69632K, used 55904K [0x0000000760c00000, 0x0000000800000000)
  region size 2048K, 17 young (34816K), 2 survivors (4096K)
 Metaspace       used 59544K, committed 59968K, reserved 1114112K
  class space    used 6236K, committed 6400K, reserved 1048576K
}
Event: 8.706 GC heap after
{Heap after GC invocations=10 (full 0):
 garbage-first heap   total reserved 2609152K, committed 69632K, used 29245K [0x0000000760c00000, 0x0000000800000000)
  region size 2048K, 2 young (4096K), 2 survivors (4096K)
 Metaspace       used 59544K, committed 59968K, reserved 1114112K
  class space    used 6236K, committed 6400K, reserved 1048576K
}
Event: 8.721 GC heap before
{Heap before GC invocations=10 (full 0):
 garbage-first heap   total reserved 2609152K, committed 69632K, used 29245K [0x0000000760c00000, 0x0000000800000000)
  region size 2048K, 3 young (6144K), 2 survivors (4096K)
 Metaspace       used 59658K, committed 60096K, reserved 1114112K
  class space    used 6246K, committed 6464K, reserved 1048576K
}
Event: 8.725 GC heap after
{Heap after GC invocations=11 (full 0):
 garbage-first heap   total reserved 2609152K, committed 69632K, used 29513K [0x0000000760c00000, 0x0000000800000000)
  region size 2048K, 2 young (4096K), 2 survivors (4096K)
 Metaspace       used 59658K, committed 60096K, reserved 1114112K
  class space    used 6246K, committed 6464K, reserved 1048576K
}
Event: 9.581 GC heap before
{Heap before GC invocations=12 (full 0):
 garbage-first heap   total reserved 2609152K, committed 69632K, used 56137K [0x0000000760c00000, 0x0000000800000000)
  region size 2048K, 15 young (30720K), 2 survivors (4096K)
 Metaspace       used 64584K, committed 65088K, reserved 1114112K
  class space    used 6836K, committed 7040K, reserved 1048576K
}
Event: 9.586 GC heap after
{Heap after GC invocations=13 (full 0):
 garbage-first heap   total reserved 2609152K, committed 69632K, used 31438K [0x0000000760c00000, 0x0000000800000000)
  region size 2048K, 2 young (4096K), 2 survivors (4096K)
 Metaspace       used 64584K, committed 65088K, reserved 1114112K
  class space    used 6836K, committed 7040K, reserved 1048576K
}
Event: 10.399 GC heap before
{Heap before GC invocations=13 (full 0):
 garbage-first heap   total reserved 2609152K, committed 69632K, used 58062K [0x0000000760c00000, 0x0000000800000000)
  region size 2048K, 15 young (30720K), 2 survivors (4096K)
 Metaspace       used 68134K, committed 68800K, reserved 1114112K
  class space    used 7280K, committed 7552K, reserved 1048576K
}
Event: 10.406 GC heap after
{Heap after GC invocations=14 (full 0):
 garbage-first heap   total reserved 2609152K, committed 69632K, used 33233K [0x0000000760c00000, 0x0000000800000000)
  region size 2048K, 2 young (4096K), 2 survivors (4096K)
 Metaspace       used 68134K, committed 68800K, reserved 1114112K
  class space    used 7280K, committed 7552K, reserved 1048576K
}
Event: 41.567 GC heap before
{Heap before GC invocations=14 (full 0):
 garbage-first heap   total reserved 2609152K, committed 69632K, used 55761K [0x0000000760c00000, 0x0000000800000000)
  region size 2048K, 14 young (28672K), 2 survivors (4096K)
 Metaspace       used 73873K, committed 74496K, reserved 1179648K
  class space    used 8048K, committed 8320K, reserved 1048576K
}
Event: 41.575 GC heap after
{Heap after GC invocations=15 (full 0):
 garbage-first heap   total reserved 2609152K, committed 69632K, used 34927K [0x0000000760c00000, 0x0000000800000000)
  region size 2048K, 1 young (2048K), 1 survivors (2048K)
 Metaspace       used 73873K, committed 74496K, reserved 1179648K
  class space    used 8048K, committed 8320K, reserved 1048576K
}
Event: 79.248 GC heap before
{Heap before GC invocations=15 (full 0):
 garbage-first heap   total reserved 2609152K, committed 69632K, used 57455K [0x0000000760c00000, 0x0000000800000000)
  region size 2048K, 13 young (26624K), 1 survivors (2048K)
 Metaspace       used 78353K, committed 78976K, reserved 1179648K
  class space    used 8585K, committed 8832K, reserved 1048576K
}
Event: 79.253 GC heap after
{Heap after GC invocations=16 (full 0):
 garbage-first heap   total reserved 2609152K, committed 69632K, used 36848K [0x0000000760c00000, 0x0000000800000000)
  region size 2048K, 2 young (4096K), 2 survivors (4096K)
 Metaspace       used 78353K, committed 78976K, reserved 1179648K
  class space    used 8585K, committed 8832K, reserved 1048576K
}

