# JRE version: OpenJDK Runtime Environment Corretto-24.0.2.12.1 (24.0.2+12) (build 24.0.2+12-FR)
# Java VM: OpenJDK 64-Bit Server VM Corretto-24.0.2.12.1 (24.0.2+12-FR, mixed mode, sharing, tiered, compressed oops, compressed class ptrs, g1 gc, windows-amd64)
GC Precious Log:
 CardTable entry size: 512
 Card Set container configuration: InlinePtr #cards 4 size 8 Array Of Cards #cards 16 size 48 Howl #buckets 8 coarsen threshold 3686 Howl Bitmap #cards 512 size 80 coarsen threshold 460 Card regions per heap region 1 cards per card region 4096
 CPUs: 8 total, 8 available
 Memory: 10187M
 Large Page Support: Disabled
 NUMA Support: Disabled
 Compressed Oops: Enabled (Zero based)
 Heap Region Size: 2M
 Heap Min Capacity: 8M
 Heap Initial Capacity: 160M
 Heap Max Capacity: 2548M
 Pre-touch: Disabled
 Parallel Workers: 8
 Concurrent Workers: 2
 Concurrent Refinement Workers: 8
 Periodic GC: Disabled
Heap:
 garbage-first heap   total reserved 2609152K, committed 83968K, used 45603K [0x0000000760c00000, 0x0000000800000000)
  region size 2048K, 7 young (14336K), 3 survivors (6144K)
 Metaspace       used 91921K, committed 92672K, reserved 1179648K
  class space    used 9910K, committed 10240K, reserved 1048576K
GC Heap History (20 events):
Event: 5.142 GC heap before
{Heap before GC invocations=4 (full 0):
 garbage-first heap   total reserved 2609152K, committed 69632K, used 44860K [0x0000000760c00000, 0x0000000800000000)
  region size 2048K, 16 young (32768K), 2 survivors (4096K)
 Metaspace       used 31271K, committed 31616K, reserved 1114112K
  class space    used 3301K, committed 3456K, reserved 1048576K
}
Event: 5.161 GC heap after
{Heap after GC invocations=5 (full 0):
 garbage-first heap   total reserved 2609152K, committed 69632K, used 21233K [0x0000000760c00000, 0x0000000800000000)
  region size 2048K, 2 young (4096K), 2 survivors (4096K)
 Metaspace       used 31271K, committed 31616K, reserved 1114112K
  class space    used 3301K, committed 3456K, reserved 1048576K
}
Event: 5.907 GC heap before
{Heap before GC invocations=5 (full 0):
 garbage-first heap   total reserved 2609152K, committed 69632K, used 39665K [0x0000000760c00000, 0x0000000800000000)
  region size 2048K, 12 young (24576K), 2 survivors (4096K)
 Metaspace       used 35557K, committed 35968K, reserved 1114112K
  class space    used 3735K, committed 3904K, reserved 1048576K
}
Event: 5.920 GC heap after
{Heap after GC invocations=6 (full 0):
 garbage-first heap   total reserved 2609152K, committed 69632K, used 23218K [0x0000000760c00000, 0x0000000800000000)
  region size 2048K, 1 young (2048K), 1 survivors (2048K)
 Metaspace       used 35557K, committed 35968K, reserved 1114112K
  class space    used 3735K, committed 3904K, reserved 1048576K
}
Event: 7.173 GC heap before
{Heap before GC invocations=7 (full 0):
 garbage-first heap   total reserved 2609152K, committed 69632K, used 51890K [0x0000000760c00000, 0x0000000800000000)
  region size 2048K, 15 young (30720K), 1 survivors (2048K)
 Metaspace       used 43794K, committed 44160K, reserved 1114112K
  class space    used 4622K, committed 4800K, reserved 1048576K
}
Event: 7.185 GC heap after
{Heap after GC invocations=8 (full 0):
 garbage-first heap   total reserved 2609152K, committed 69632K, used 25266K [0x0000000760c00000, 0x0000000800000000)
  region size 2048K, 2 young (4096K), 2 survivors (4096K)
 Metaspace       used 43794K, committed 44160K, reserved 1114112K
  class space    used 4622K, committed 4800K, reserved 1048576K
}
Event: 8.171 GC heap before
{Heap before GC invocations=8 (full 0):
 garbage-first heap   total reserved 2609152K, committed 69632K, used 53938K [0x0000000760c00000, 0x0000000800000000)
  region size 2048K, 16 young (32768K), 2 survivors (4096K)
 Metaspace       used 52157K, committed 52672K, reserved 1114112K
  class space    used 5475K, committed 5696K, reserved 1048576K
}
Event: 8.184 GC heap after
{Heap after GC invocations=9 (full 0):
 garbage-first heap   total reserved 2609152K, committed 69632K, used 26919K [0x0000000760c00000, 0x0000000800000000)
  region size 2048K, 2 young (4096K), 2 survivors (4096K)
 Metaspace       used 52157K, committed 52672K, reserved 1114112K
  class space    used 5475K, committed 5696K, reserved 1048576K
}
Event: 9.144 GC heap before
{Heap before GC invocations=9 (full 0):
 garbage-first heap   total reserved 2609152K, committed 69632K, used 55591K [0x0000000760c00000, 0x0000000800000000)
  region size 2048K, 16 young (32768K), 2 survivors (4096K)
 Metaspace       used 59565K, committed 60032K, reserved 1114112K
  class space    used 6275K, committed 6464K, reserved 1048576K
}
Event: 9.158 GC heap after
{Heap after GC invocations=10 (full 0):
 garbage-first heap   total reserved 2609152K, committed 69632K, used 28345K [0x0000000760c00000, 0x0000000800000000)
  region size 2048K, 2 young (4096K), 2 survivors (4096K)
 Metaspace       used 59565K, committed 60032K, reserved 1114112K
  class space    used 6275K, committed 6464K, reserved 1048576K
}
Event: 9.201 GC heap before
{Heap before GC invocations=10 (full 0):
 garbage-first heap   total reserved 2609152K, committed 69632K, used 28345K [0x0000000760c00000, 0x0000000800000000)
  region size 2048K, 3 young (6144K), 2 survivors (4096K)
 Metaspace       used 59829K, committed 60288K, reserved 1114112K
  class space    used 6317K, committed 6528K, reserved 1048576K
}
Event: 9.210 GC heap after
{Heap after GC invocations=11 (full 0):
 garbage-first heap   total reserved 2609152K, committed 83968K, used 28806K [0x0000000760c00000, 0x0000000800000000)
  region size 2048K, 1 young (2048K), 1 survivors (2048K)
 Metaspace       used 59829K, committed 60288K, reserved 1114112K
  class space    used 6317K, committed 6528K, reserved 1048576K
}
Event: 10.573 GC heap before
{Heap before GC invocations=12 (full 0):
 garbage-first heap   total reserved 2609152K, committed 83968K, used 69766K [0x0000000760c00000, 0x0000000800000000)
  region size 2048K, 21 young (43008K), 1 survivors (2048K)
 Metaspace       used 67589K, committed 68096K, reserved 1114112K
  class space    used 7132K, committed 7360K, reserved 1048576K
}
Event: 10.579 GC heap after
{Heap after GC invocations=13 (full 0):
 garbage-first heap   total reserved 2609152K, committed 83968K, used 32275K [0x0000000760c00000, 0x0000000800000000)
  region size 2048K, 3 young (6144K), 3 survivors (6144K)
 Metaspace       used 67589K, committed 68096K, reserved 1114112K
  class space    used 7132K, committed 7360K, reserved 1048576K
}
Event: 12.011 GC heap before
{Heap before GC invocations=13 (full 0):
 garbage-first heap   total reserved 2609152K, committed 83968K, used 69139K [0x0000000760c00000, 0x0000000800000000)
  region size 2048K, 21 young (43008K), 3 survivors (6144K)
 Metaspace       used 72815K, committed 73472K, reserved 1179648K
  class space    used 7765K, committed 8064K, reserved 1048576K
}
Event: 12.023 GC heap after
{Heap after GC invocations=14 (full 0):
 garbage-first heap   total reserved 2609152K, committed 83968K, used 35175K [0x0000000760c00000, 0x0000000800000000)
  region size 2048K, 2 young (4096K), 2 survivors (4096K)
 Metaspace       used 72815K, committed 73472K, reserved 1179648K
  class space    used 7765K, committed 8064K, reserved 1048576K
}
Event: 13.071 GC heap before
{Heap before GC invocations=14 (full 0):
 garbage-first heap   total reserved 2609152K, committed 83968K, used 72039K [0x0000000760c00000, 0x0000000800000000)
  region size 2048K, 20 young (40960K), 2 survivors (4096K)
 Metaspace       used 81211K, committed 81856K, reserved 1179648K
  class space    used 8734K, committed 9024K, reserved 1048576K
}
Event: 13.079 GC heap after
{Heap after GC invocations=15 (full 0):
 garbage-first heap   total reserved 2609152K, committed 83968K, used 37779K [0x0000000760c00000, 0x0000000800000000)
  region size 2048K, 2 young (4096K), 2 survivors (4096K)
 Metaspace       used 81211K, committed 81856K, reserved 1179648K
  class space    used 8734K, committed 9024K, reserved 1048576K
}
Event: 253.660 GC heap before
{Heap before GC invocations=15 (full 0):
 garbage-first heap   total reserved 2609152K, committed 83968K, used 70547K [0x0000000760c00000, 0x0000000800000000)
  region size 2048K, 19 young (38912K), 2 survivors (4096K)
 Metaspace       used 91270K, committed 91968K, reserved 1179648K
  class space    used 9831K, committed 10112K, reserved 1048576K
}
Event: 253.671 GC heap after
{Heap after GC invocations=16 (full 0):
 garbage-first heap   total reserved 2609152K, committed 83968K, used 41507K [0x0000000760c00000, 0x0000000800000000)
  region size 2048K, 3 young (6144K), 3 survivors (6144K)
 Metaspace       used 91270K, committed 91968K, reserved 1179648K
  class space    used 9831K, committed 10112K, reserved 1048576K
}

